Arguments: 
  /Users/ryohei.izumi/.anyenv/envs/nodenv/versions/14.10.0/bin/node /usr/local/Cellar/yarn/1.22.5/libexec/bin/yarn.js install

PATH: 
  /Users/ryohei.izumi/.anyenv/envs/nodenv/versions/14.10.0/bin:/Users/ryohei.izumi/.anyenv/envs/nodenv/libexec:/Users/ryohei.izumi/.anyenv/envs/nodenv/plugins/nodenv-vars/bin:/Users/ryohei.izumi/.anyenv/envs/nodenv/plugins/node-build/bin:/Library/Java/JavaVirtualMachines/jdk-11.0.14.jdk/Contents/Home/bin:/usr/local/opt/bison/bin:/Users/ryohei.izumi/.phpenv/shims:/Users/ryohei.izumi/.phpenv/bin:/Users/ryohei.izumi/.anyenv/envs/nodenv/shims:/Users/ryohei.izumi/.anyenv/envs/nodenv/bin:/Users/ryohei.izumi/.anyenv/bin:/usr/local/Cellar/postgresql@10/10.17/bin/:/usr/local/bin:/usr/local/bin:/usr/bin:/bin:/usr/sbin:/sbin:/opt/X11/bin:/Library/Java/JavaVirtualMachines/jdk-11.0.14.jdk/Contents/Home/bin:/usr/local/opt/bison/bin:/Users/ryohei.izumi/.phpenv/shims:/Users/ryohei.izumi/.phpenv/bin:/Users/ryohei.izumi/.anyenv/envs/nodenv/shims:/Users/ryohei.izumi/.anyenv/envs/nodenv/bin:/Users/ryohei.izumi/.anyenv/bin:/usr/local/Cellar/postgresql@10/10.17/bin/

Yarn version: 
  1.22.5

Node version: 
  14.10.0

Platform: 
  darwin x64

Trace: 
  Error: connect EHOSTUNREACH 104.16.24.35:443 - Local (192.168.1.126:50262)
      at internalConnect (net.js:920:16)
      at defaultTriggerAsyncIdScope (internal/async_hooks.js:429:12)
      at emitLookup (net.js:1063:9)
      at /usr/local/Cellar/yarn/1.22.5/libexec/lib/cli.js:107543:29
      at /usr/local/Cellar/yarn/1.22.5/libexec/lib/cli.js:107389:25
      at RawTask.module.exports.RawTask.call (/usr/local/Cellar/yarn/1.22.5/libexec/lib/cli.js:83614:19)
      at flush (/usr/local/Cellar/yarn/1.22.5/libexec/lib/cli.js:83696:29)
      at processTicksAndRejections (internal/process/task_queues.js:75:11)

npm manifest: 
  {
    "name": "VB-MENU.WEB",
    "license": "MIT",
    "author": "VB",
    "repository": {
      "type": "git",
      "url": "git+https://github.com/fizzjs/vb-menu.web.git"
    },
    "bugs": {
      "url": "https://github.com/fizzjs/vb-menu.web/issues"
    },
    "version": "1.0.0",
    "scripts": {
      "build": "webpack -p --progress --mode production --config webpack.config.js",
      "predeploy": "npm run build",
      "dev": "cross-env NODE_ENV=dev webpack-dev-server --open --config webpack.config.js",
      "lint": "eslint src/js",
      "lint:fix": "npm run lint -- --fix",
      "start": "npm run dev"
    },
    "dependencies": {},
    "devDependencies": {
      "@babel/core": "7.4.5",
      "@babel/preset-env": "7.4.5",
      "babel-eslint": "10.0.2",
      "babel-loader": "8.0.6",
      "clean-webpack-plugin": "3.0.0",
      "copy-webpack-plugin": "5.0.3",
      "cross-env": "5.2.0",
      "css-loader": "3.0.0",
      "css-url-relative-plugin": "1.0.0",
      "eslint": "6.0.1",
      "eslint-config-prettier": "6.0.0",
      "eslint-plugin-babel": "5.3.0",
      "eslint-plugin-import": "2.18.0",
      "eslint-plugin-jsx-a11y": "6.2.1",
      "eslint-plugin-prettier": "3.1.0",
      "eslint-plugin-react": "7.14.2",
      "file-loader": "4.0.0",
      "glob": "7.1.4",
      "html-webpack-plugin": "4.0.0-beta.5",
      "husky": "2.7.0",
      "image-webpack-loader": "5.0.0",
      "lint-staged": "8.2.1",
      "mini-css-extract-plugin": "0.7.0",
      "node-sass": "4.12.0",
      "optimize-css-assets-webpack-plugin": "5.0.3",
      "preload-webpack-plugin": "3.0.0-beta.3",
      "prettier": "1.18.2",
      "prettier-package-json": "2.1.0",
      "sass-loader": "7.1.0",
      "terser-webpack-plugin": "1.3.0",
      "url-loader": "2.0.1",
      "webpack": "4.35.0",
      "webpack-cli": "3.3.5",
      "webpack-dev-server": "3.7.2"
    },
    "husky": {
      "hooks": {
        "pre-commit": "lint-staged"
      }
    },
    "lint-staged": {
      "package.json": [
        "prettier-package-json --write",
        "git add"
      ],
      "*.js": [
        "eslint --fix",
        "git add"
      ]
    }
  }

yarn manifest: 
  No manifest

Lockfile: 
  No lockfile
